c:\users\dell\source\repos\robot\robotkarel\debug\vc140.pdb
c:\users\dell\source\repos\robot\robotkarel\debug\wall.obj
c:\users\dell\source\repos\robot\robotkarel\debug\myform.obj
c:\users\dell\source\repos\robot\robotkarel\debug\item.obj
c:\users\dell\source\repos\robot\robotkarel\debug\cell.obj
c:\users\dell\source\repos\robot\robotkarel\debug\beeper.obj
c:\users\dell\source\repos\robot\robotkarel\debug\.netframework,version=v4.5.2.assemblyattributes.obj
c:\users\dell\source\repos\robot\robotkarel\debug\.netframework,version=v4.5.2.assemblyattributes.asm
c:\users\dell\source\repos\robot\robotkarel\debug\robot.obj
c:\users\dell\source\repos\robot\debug\robotkarel.exe
c:\users\dell\source\repos\robot\debug\robotkarel.pdb
c:\users\dell\source\repos\robot\robotkarel\debug\robotkarel.res
c:\users\dell\source\repos\robot\robotkarel\debug\robotkarel.myform.resources
c:\users\dell\source\repos\robot\robotkarel\debug\robotkarel.vcxproj.generateresource.cache
c:\users\dell\source\repos\robot\robotkarel\debug\robotkarel.vcxprojresolveassemblyreference.cache
c:\users\dell\source\repos\robot\robotkarel\debug\robotkarel.tlog\cl.command.1.tlog
c:\users\dell\source\repos\robot\robotkarel\debug\robotkarel.tlog\cl.read.1.tlog
c:\users\dell\source\repos\robot\robotkarel\debug\robotkarel.tlog\cl.write.1.tlog
c:\users\dell\source\repos\robot\robotkarel\debug\robotkarel.tlog\link.command.1.tlog
c:\users\dell\source\repos\robot\robotkarel\debug\robotkarel.tlog\link.read.1.tlog
c:\users\dell\source\repos\robot\robotkarel\debug\robotkarel.tlog\link.write.1.tlog
c:\users\dell\source\repos\robot\robotkarel\debug\robotkarel.tlog\metagen.read.1.tlog
c:\users\dell\source\repos\robot\robotkarel\debug\robotkarel.tlog\metagen.write.1.tlog
c:\users\dell\source\repos\robot\robotkarel\debug\robotkarel.tlog\rc.command.1.tlog
c:\users\dell\source\repos\robot\robotkarel\debug\robotkarel.tlog\rc.read.1.tlog
c:\users\dell\source\repos\robot\robotkarel\debug\robotkarel.tlog\rc.write.1.tlog
c:\users\dell\source\repos\robot\robotkarel\debug\robotkarel.tlog\robotkarel.write.1u.tlog
c:\users\dell\source\repos\robot\robotkarel\debug\robotkarel.tlog\rsaenh.dll.bi
c:\users\dell\source\repos\robot\robotkarel\debug\robotkarel.tlog\tzres.dll.bi
