  Beeper.cpp
Beeper.cpp(1): warning C4067: unexpected tokens following preprocessor directive - expected a newline
Beeper.cpp(2): warning C4067: unexpected tokens following preprocessor directive - expected a newline
  Cell.cpp
  MyForm.cpp
c:\users\eddie\source\repos\robot4\robotkarel\MyForm.h(2): warning C4067: unexpected tokens following preprocessor directive - expected a newline
c:\users\eddie\source\repos\robot4\robotkarel\MyForm.h(3): warning C4067: unexpected tokens following preprocessor directive - expected a newline
c:\users\eddie\source\repos\robot4\robotkarel\MyForm.h(4): warning C4067: unexpected tokens following preprocessor directive - expected a newline
c:\users\eddie\source\repos\robot4\robotkarel\robot.h(2): warning C4067: unexpected tokens following preprocessor directive - expected a newline
c:\users\eddie\source\repos\robot4\robotkarel\MyForm.h(5): warning C4067: unexpected tokens following preprocessor directive - expected a newline
c:\users\eddie\source\repos\robot4\robotkarel\MyForm.h(6): warning C4067: unexpected tokens following preprocessor directive - expected a newline
c:\users\eddie\source\repos\robot4\robotkarel\MyForm.h(7): warning C4067: unexpected tokens following preprocessor directive - expected a newline
c:\users\eddie\source\repos\robot4\robotkarel\MyForm.h(8): warning C4067: unexpected tokens following preprocessor directive - expected a newline
  Wall.cpp
Wall.cpp(1): warning C4067: unexpected tokens following preprocessor directive - expected a newline
Wall.cpp(2): warning C4067: unexpected tokens following preprocessor directive - expected a newline
Wall.cpp(3): warning C4067: unexpected tokens following preprocessor directive - expected a newline
  robot.cpp
c:\users\eddie\source\repos\robot4\robotkarel\robot.h(2): warning C4067: unexpected tokens following preprocessor directive - expected a newline
  Generating Code...
  RobotKarel.vcxproj -> C:\Users\Eddie\Source\Repos\Robot4\Debug\RobotKarel.exe
